
/home/runner/work/exp-4-bit-even-parity-checker-circuit-nitk/exp-4-bit-even-parity-checker-circuit-nitk/experiment/simulation/js/script.js
    1:10  warning  'changeSwitchImageX' is defined but never used  no-unused-vars
   20:10  warning  'changeFaultX' is defined but never used        no-unused-vars
   34:10  warning  'changeSwitchImageY' is defined but never used  no-unused-vars
   53:10  warning  'changeFaultY' is defined but never used        no-unused-vars
   67:10  warning  'changeSwitchImageZ' is defined but never used  no-unused-vars
   86:10  warning  'changeFaultZ' is defined but never used        no-unused-vars
  100:10  warning  'changeFaultXor1' is defined but never used     no-unused-vars
  111:10  warning  'changeFaultXor2' is defined but never used     no-unused-vars
  122:10  warning  'changeImageP' is defined but never used        no-unused-vars
  140:10  warning  'changeFaultP' is defined but never used        no-unused-vars
  154:10  warning  'changeFaultC' is defined but never used        no-unused-vars
  314:10  warning  'resetTable' is defined but never used          no-unused-vars
  321:10  warning  'addToTable' is defined but never used          no-unused-vars
  398:10  warning  'Refresh' is defined but never used             no-unused-vars
  404:10  warning  'whereStuckAt' is defined but never used        no-unused-vars
  405:49  warning  'stuckAt' is not defined                        no-undef
  413:7   warning  'stuckAt' is not defined                        no-undef
  417:5   warning  'stuckAt' is not defined                        no-undef
  423:5   warning  'stuckAt' is not defined                        no-undef
  424:51  warning  'stuckAt' is not defined                        no-undef
  435:3   warning  'output' is not defined                         no-undef
  436:5   warning  'switches' is not defined                       no-undef
  437:5   warning  'switches' is not defined                       no-undef
  438:5   warning  'switches' is not defined                       no-undef
  439:5   warning  'stuckAt' is not defined                        no-undef
  441:12  warning  'output' is not defined                         no-undef
  445:10  warning  'turnSwitch' is defined but never used          no-unused-vars
  450:3   warning  'output' is not defined                         no-undef
  451:5   warning  'switches' is not defined                       no-undef
  452:5   warning  'switches' is not defined                       no-undef
  453:5   warning  'switches' is not defined                       no-undef
  454:5   warning  'stuckAt' is not defined                        no-undef
  456:12  warning  'output' is not defined                         no-undef
  467:12  warning  'result' is not defined                         no-undef
  470:12  warning  'result' is not defined                         no-undef
  473:12  warning  'result' is not defined                         no-undef
  476:12  warning  'result' is not defined                         no-undef
  479:12  warning  'result' is not defined                         no-undef
  482:12  warning  'result' is not defined                         no-undef
  485:12  warning  'result' is not defined                         no-undef
  499:10  warning  'addResult' is defined but never used           no-unused-vars
  501:5   warning  'result' is not defined                         no-undef
  501:12  warning  'switches' is not defined                       no-undef
  501:39  warning  'switches' is not defined                       no-undef
  502:7   warning  'switches' is not defined                       no-undef
  506:36  warning  'output' is not defined                         no-undef
  508:47  warning  'switches' is not defined                       no-undef
  509:47  warning  'switches' is not defined                       no-undef
  510:47  warning  'switches' is not defined                       no-undef
  512:27  warning  'stuckAt' is not defined                        no-undef
  514:31  warning  'stuckAtButton' is not defined                  no-undef
  514:45  warning  'stuckAt' is not defined                        no-undef
  517:27  warning  'result' is not defined                         no-undef
  517:34  warning  'switches' is not defined                       no-undef
  518:29  warning  'switches' is not defined                       no-undef
  519:29  warning  'switches' is not defined                       no-undef
  521:47  warning  'output' is not defined                         no-undef
  527:10  warning  'fillTable' is defined but never used           no-unused-vars
  537:39  warning  'stuckAtarray' is not defined                   no-undef
  538:39  warning  'result' is not defined                         no-undef

✖ 60 problems (0 errors, 60 warnings)

